This is e-pTeX, Version 3.141592653-p4.1.0-230214-2.6 (utf8.sjis) (TeX Live 2023) (preloaded format=platex 2023.6.7)  17 JUL 2023 22:38
entering extended mode
 restricted \write18 enabled.
 file:line:error style messages enabled.
 %&-line parsing enabled.
**c:/Users/bacon/Documents/monobun/katsusika-monobun/monogatari/KuNezumi/Kunezumi.tex
(c:/Users/bacon/Documents/monobun/katsusika-monobun/monogatari/KuNezumi/Kunezumi.tex
pLaTeX2e <2023-02-14>+1 (based on LaTeX2e <2022-11-01> patch level 1)
L3 programming layer <2023-06-05> (c:/texlive/2023/texmf-dist/tex/platex/base/tarticle.cls
Document Class: tarticle 2020/09/30 v1.8f Standard pLaTeX class
\c@@paper=\count184
(c:/texlive/2023/texmf-dist/tex/platex/base/tsize10.clo
File: tsize10.clo 2020/09/30 v1.8f Standard pLaTeX file (size option)
) (c:/texlive/2023/texmf-dist/tex/platex/base/plext.sty
Package: plext 2020/10/07 v1.2m pLaTeX package file (community edition)
\@floatbox=\box68
\floatwidth=\dimen156
\floatheight=\dimen157
\floatruletick=\dimen158
\captionfloatsep=\dimen159
\captionwidth=\dimen160
\@captionbox=\box69
LaTeX Info: Redefining \parbox on input line 333.
\save@ybaselineshift=\dimen161
\save@tbaselineshift=\dimen162
\@picwd=\dimen163
\rensujiskip=\skip48
)
\c@part=\count185
\c@section=\count186
\c@subsection=\count187
\c@subsubsection=\count188
\c@paragraph=\count189
\c@subparagraph=\count190
\c@figure=\count191
\c@table=\count192
\abovecaptionskip=\skip49
\belowcaptionskip=\skip50
\symmincho=\mathgroup4
LaTeX Font Info:    Overwriting symbol font `mincho' in version `bold'
(Font)                  JY1/mc/m/n --> JY1/gt/m/n on input line 619.
\toclineskip=\dimen164
\@lnumwidth=\dimen165
\bibindent=\dimen166
\heisei=\count193
) (c:/texlive/2023/texmf-dist/tex/platex/pxrubrica/pxrubrica.sty
Package: pxrubrica 2023/03/01 v1.3e PX Japanese-style ruby
(c:/texlive/2023/texmf-dist/tex/latex/graphics/keyval.sty
Package: keyval 2022/05/29 v1.15 key=value parser (DPC)
\KV@toks@=\toks17
)
\pxrr@cnta=\count194
\pxrr@cntr=\count195
\pxrr@dima=\dimen167
\pxrr@boxa=\box70
\pxrr@boxb=\box71
\pxrr@boxr=\box72
) (c:/texlive/2023/texmf-dist/tex/platex/japanese-otf/otf.sty
Package: otf 2023/02/23 TeX JP org, v1.7b8 psitau, u0.28 ttk
Package otf Info: Autodetected engine: pLaTeX on input line 63.
LaTeX Font Info:    Redeclaring symbol font `mincho' on input line 333.
LaTeX Font Info:    Overwriting symbol font `mincho' in version `normal'
(Font)                  JY1/mc/m/n --> JY1/hmc/m/n on input line 333.
LaTeX Font Info:    Overwriting symbol font `mincho' in version `bold'
(Font)                  JY1/gt/m/n --> JY1/hmc/m/n on input line 333.
LaTeX Font Info:    Overwriting symbol font `mincho' in version `bold'
(Font)                  JY1/hmc/m/n --> JY1/hmc/bx/n on input line 335.
LaTeX Font Info:    Redeclaring math alphabet \mathgt on input line 336.
LaTeX Font Info:    Overwriting math alphabet `\mathgt' in version `normal'
(Font)                  JY1/gt/m/n --> JY1/hgt/m/n on input line 336.
LaTeX Font Info:    Overwriting math alphabet `\mathgt' in version `bold'
(Font)                  JY1/gt/m/n --> JY1/hgt/m/n on input line 336.
LaTeX Font Info:    Overwriting math alphabet `\mathgt' in version `bold'
(Font)                  JY1/hgt/m/n --> JY1/hgt/bx/n on input line 337.
(c:/texlive/2023/texmf-dist/tex/platex/japanese-otf/ajmacros.sty
Package: ajmacros 2019/04/01 21:00 iNOUE Koich! <inoue@ma.ns.musashi-tech.ac.jp>
\@tempcntc=\count196
\@tempcntd=\count197
\@tempcnte=\count198
\@tempcntf=\count199
)) (c:/texlive/2023/texmf-dist/tex/latex/comment/comment.sty
\CommentStream=\write3
Excluding comment 'comment') (c:/texlive/2023/texmf-dist/tex/latex/lineno/lineno.sty
Package: lineno 2023/05/20 line numbers on paragraphs v5.3
(c:/texlive/2023/texmf-dist/tex/latex/etoolbox/etoolbox.sty
Package: etoolbox 2020/10/05 v2.5k e-TeX tools for LaTeX (JAW)
\etb@tempcnta=\count266
) (c:/texlive/2023/texmf-dist/tex/latex/kvoptions/kvoptions.sty
Package: kvoptions 2022-06-15 v3.15 Key value format for package options (HO)
(c:/texlive/2023/texmf-dist/tex/generic/ltxcmds/ltxcmds.sty
Package: ltxcmds 2020-05-10 v1.25 LaTeX kernel commands for general use (HO)
) (c:/texlive/2023/texmf-dist/tex/latex/kvsetkeys/kvsetkeys.sty
Package: kvsetkeys 2022-10-05 v1.19 Key value parser (HO)
))
\linenopenalty=\count267
\output=\toks18
\linenoprevgraf=\count268
\linenumbersep=\dimen168
\linenumberwidth=\dimen169
\c@linenumber=\count269
\c@pagewiselinenumber=\count270
\c@LN@truepage=\count271
\c@internallinenumber=\count272
\c@internallinenumbers=\count273
\quotelinenumbersep=\dimen170
\bframerule=\dimen171
\bframesep=\dimen172
\bframebox=\box73
LaTeX Info: Redefining \\ on input line 3180.
)
LaTeX Font Info:    Font shape `JT1/hmc/m/n' will be
(Font)              scaled to size 9.6222pt on input line 48.
LaTeX Font Info:    Font shape `JY1/hmc/m/n' will be
(Font)              scaled to size 9.6222pt on input line 48.
(c:/texlive/2023/texmf-dist/tex/latex/l3backend/l3backend-dvips.def
File: l3backend-dvips.def 2023-04-19 L3 backend support: dvips
\l__pdf_internal_box=\box74
\g__pdf_backend_object_int=\count274
\l__pdf_backend_content_box=\box75
\l__pdf_backend_model_box=\box76
\g__pdf_backend_annotation_int=\count275
\g__pdf_backend_link_int=\count276
\g__pdf_backend_link_sf_int=\count277
)

LaTeX Warning: Unused global option(s):
    [book].

(out/Kunezumi.aux)
\openout1 = `Kunezumi.aux'.

LaTeX Font Info:    Checking defaults for OML/cmm/m/it on input line 48.
LaTeX Font Info:    ... okay on input line 48.
LaTeX Font Info:    Checking defaults for OMS/cmsy/m/n on input line 48.
LaTeX Font Info:    ... okay on input line 48.
LaTeX Font Info:    Checking defaults for OT1/cmr/m/n on input line 48.
LaTeX Font Info:    ... okay on input line 48.
LaTeX Font Info:    Checking defaults for T1/cmr/m/n on input line 48.
LaTeX Font Info:    ... okay on input line 48.
LaTeX Font Info:    Checking defaults for TS1/cmr/m/n on input line 48.
LaTeX Font Info:    ... okay on input line 48.
LaTeX Font Info:    Checking defaults for OMX/cmex/m/n on input line 48.
LaTeX Font Info:    ... okay on input line 48.
LaTeX Font Info:    Checking defaults for U/cmr/m/n on input line 48.
LaTeX Font Info:    ... okay on input line 48.
LaTeX Font Info:    Checking defaults for JY1/mc/m/n on input line 48.
LaTeX Font Info:    ... okay on input line 48.
LaTeX Font Info:    Checking defaults for JT1/mc/m/n on input line 48.
LaTeX Font Info:    ... okay on input line 48.
《縦組モード》
LaTeX Font Info:    Font shape `JT1/hmc/m/n' will be
(Font)              scaled to size 13.85594pt on input line 49.
LaTeX Font Info:    Font shape `JY1/hmc/m/n' will be
(Font)              scaled to size 13.85594pt on input line 49.
\c@mpl=\count278
LaTeX Font Info:    Font shape `JT1/hmc/m/n' will be
(Font)              scaled to size 28.86658pt on input line 63.
LaTeX Font Info:    Font shape `JY1/hmc/m/n' will be
(Font)              scaled to size 28.86658pt on input line 63.

LaTeX Font Warning: Font shape `OT1/cmr/m/n' in size <30> not available
(Font)              size <24.88> substituted on input line 63.

LaTeX Font Info:    Font shape `JT1/hmc/m/n' will be
(Font)              scaled to size 14.43329pt on input line 66.
LaTeX Font Info:    Font shape `JY1/hmc/m/n' will be
(Font)              scaled to size 14.43329pt on input line 66.

LaTeX Font Warning: Font shape `OT1/cmr/m/n' in size <15> not available
(Font)              size <14.4> substituted on input line 66.

[1

]
LaTeX Font Info:    Font shape `JT1/hmc/m/n' will be
(Font)              scaled to size 6.92796pt on input line 74.
LaTeX Font Info:    Font shape `JY1/hmc/m/n' will be
(Font)              scaled to size 6.92796pt on input line 74.
LaTeX Font Info:    Font shape `JT1/hmc/bx/n' will be
(Font)              scaled to size 13.85594pt on input line 120.
LaTeX Font Info:    Font shape `JY1/hmc/bx/n' will be
(Font)              scaled to size 13.85594pt on input line 120.
LaTeX Font Info:    Font shape `JT1/hmc/m/n' will be
(Font)              scaled to size 4.8111pt on input line 233.
LaTeX Font Info:    Font shape `JY1/hmc/m/n' will be
(Font)              scaled to size 4.8111pt on input line 233.
[1] [2] [3] [4] [5] [6] [7] [8] [9] Excluding 'comment' comment. [10] (out/Kunezumi.aux)

LaTeX Font Warning: Size substitutions with differences
(Font)              up to 5.12pt have occurred.

 ) 
Here is how much of TeX's memory you used:
 5032 strings out of 478090
 77565 string characters out of 5840649
 1866578 words of memory out of 5000000
 25446 multiletter control sequences out of 15000+600000
 519876 words of font info for 69 fonts, out of 8000000 for 9000
 36 hyphenation exceptions out of 8191
 54i,5n,62p,475b,1026s stack positions out of 10000i,1000n,20000p,200000b,200000s

Output written on out/Kunezumi.dvi (11 pages, 30460 bytes).
